2014-06-10 10:04:51 6076 [Note] Plugin 'FEDERATED' is disabled.
2014-06-10 10:04:51 6076 [Note] InnoDB: The InnoDB memory heap is disabled
2014-06-10 10:04:51 6076 [Note] InnoDB: Mutexes and rw_locks use Windows interlocked functions
2014-06-10 10:04:51 6076 [Note] InnoDB: Compressed tables use zlib 1.2.3
2014-06-10 10:04:51 6076 [Note] InnoDB: Not using CPU crc32 instructions
2014-06-10 10:04:51 6076 [Note] InnoDB: Initializing buffer pool, size = 128.0M
2014-06-10 10:04:51 6076 [Note] InnoDB: Completed initialization of buffer pool
2014-06-10 10:04:51 6076 [Note] InnoDB: Setting log file C:\Users\Teacher\Downloads\USBWebserver v8.6\mysql\data\ib_logfile101 size to 5 MB
2014-06-10 10:04:51 6076 [Note] InnoDB: Setting log file C:\Users\Teacher\Downloads\USBWebserver v8.6\mysql\data\ib_logfile1 size to 5 MB
2014-06-10 10:04:51 6076 [Note] InnoDB: Renaming log file C:\Users\Teacher\Downloads\USBWebserver v8.6\mysql\data\ib_logfile101 to C:\Users\Teacher\Downloads\USBWebserver v8.6\mysql\data\ib_logfile0
2014-06-10 10:04:51 6076 [Warning] InnoDB: New log files created, LSN=1626134
2014-06-10 10:04:51 6076 [Note] InnoDB: Highest supported file format is Barracuda.
2014-06-10 10:04:52 6076 [Note] InnoDB: 128 rollback segment(s) are active.
2014-06-10 10:04:52 6076 [Note] InnoDB: Waiting for purge to start
2014-06-10 10:04:52 6076 [Note] InnoDB: 5.6.13 started; log sequence number 1626636
2014-06-10 10:04:52 6076 [Warning] No existing UUID has been found, so we assume that this is the first time that this server has been started. Generating a new UUID: 84df0899-f06d-11e3-a2a6-2016d89c3481.
2014-06-10 10:04:52 6076 [Note] Server hostname (bind-address): '*'; port: 3307
2014-06-10 10:04:52 6076 [Note] IPv6 is available.
2014-06-10 10:04:52 6076 [Note]   - '::' resolves to '::';
2014-06-10 10:04:52 6076 [Note] Server socket created on IP: '::'.
2014-06-10 10:04:52 6076 [Note] Event Scheduler: Loaded 0 events
2014-06-10 10:04:52 6076 [Note] C:\Users\Teacher\Downloads\USBWebserver v8.6/mysql/bin/mysqld_usbwv8.exe: ready for connections.
Version: '5.6.13'  socket: ''  port: 3307  MySQL Community Server (GPL)
2014-12-16 12:23:57 1384 [Note] Plugin 'FEDERATED' is disabled.
2014-12-16 12:23:57 1384 [Note] InnoDB: The InnoDB memory heap is disabled
2014-12-16 12:23:57 1384 [Note] InnoDB: Mutexes and rw_locks use Windows interlocked functions
2014-12-16 12:23:57 1384 [Note] InnoDB: Compressed tables use zlib 1.2.3
2014-12-16 12:23:57 1384 [Note] InnoDB: Not using CPU crc32 instructions
2014-12-16 12:23:57 1384 [Note] InnoDB: Initializing buffer pool, size = 128.0M
2014-12-16 12:23:57 1384 [Note] InnoDB: Completed initialization of buffer pool
2014-12-16 12:23:57 1384 [Note] InnoDB: Highest supported file format is Barracuda.
2014-12-16 12:23:57 1384 [Note] InnoDB: The log sequence numbers 1626134 and 1626134 in ibdata files do not match the log sequence number 1626646 in the ib_logfiles!
2014-12-16 12:23:57 1384 [Note] InnoDB: Database was not shutdown normally!
2014-12-16 12:23:57 1384 [Note] InnoDB: Starting crash recovery.
2014-12-16 12:23:57 1384 [Note] InnoDB: Reading tablespace information from the .ibd files...
2014-12-16 12:23:57 1384 [Note] InnoDB: Restoring possible half-written data pages 
2014-12-16 12:23:57 1384 [Note] InnoDB: from the doublewrite buffer...
2014-12-16 12:23:58 1384 [Note] InnoDB: 128 rollback segment(s) are active.
2014-12-16 12:23:58 1384 [Note] InnoDB: Waiting for purge to start
2014-12-16 12:23:58 1384 [Note] InnoDB: 5.6.13 started; log sequence number 1626646
2014-12-16 12:23:58 1384 [Note] Server hostname (bind-address): '*'; port: 3307
2014-12-16 12:23:58 1384 [Note] IPv6 is available.
2014-12-16 12:23:58 1384 [Note]   - '::' resolves to '::';
2014-12-16 12:23:58 1384 [Note] Server socket created on IP: '::'.
2014-12-16 12:24:01 1384 [Note] Event Scheduler: Loaded 0 events
2014-12-16 12:24:01 1384 [Note] C:\Users\Teacher\Downloads\USBWebserver v8.6/mysql/bin/mysqld_usbwv8.exe: ready for connections.
Version: '5.6.13'  socket: ''  port: 3307  MySQL Community Server (GPL)
2014-12-16 12:36:31 4688 [Note] Plugin 'FEDERATED' is disabled.
2014-12-16 12:36:31 4688 [Note] InnoDB: The InnoDB memory heap is disabled
2014-12-16 12:36:31 4688 [Note] InnoDB: Mutexes and rw_locks use Windows interlocked functions
2014-12-16 12:36:31 4688 [Note] InnoDB: Compressed tables use zlib 1.2.3
2014-12-16 12:36:31 4688 [Note] InnoDB: Not using CPU crc32 instructions
2014-12-16 12:36:31 4688 [Note] InnoDB: Initializing buffer pool, size = 128.0M
2014-12-16 12:36:31 4688 [Note] InnoDB: Completed initialization of buffer pool
2014-12-16 12:36:31 4688 [Note] InnoDB: Highest supported file format is Barracuda.
2014-12-16 12:36:31 4688 [Note] InnoDB: The log sequence numbers 1626134 and 1626134 in ibdata files do not match the log sequence number 1626656 in the ib_logfiles!
2014-12-16 12:36:31 4688 [Note] InnoDB: Database was not shutdown normally!
2014-12-16 12:36:31 4688 [Note] InnoDB: Starting crash recovery.
2014-12-16 12:36:31 4688 [Note] InnoDB: Reading tablespace information from the .ibd files...
2014-12-16 12:36:31 4688 [Note] InnoDB: Restoring possible half-written data pages 
2014-12-16 12:36:31 4688 [Note] InnoDB: from the doublewrite buffer...
2014-12-16 12:36:32 4688 [Note] InnoDB: 128 rollback segment(s) are active.
2014-12-16 12:36:32 4688 [Note] InnoDB: Waiting for purge to start
2014-12-16 12:36:32 4688 [Note] InnoDB: 5.6.13 started; log sequence number 1626656
2014-12-16 12:36:32 4688 [Note] Server hostname (bind-address): '*'; port: 3307
2014-12-16 12:36:32 4688 [Note] IPv6 is available.
2014-12-16 12:36:32 4688 [Note]   - '::' resolves to '::';
2014-12-16 12:36:32 4688 [Note] Server socket created on IP: '::'.
2014-12-16 12:36:32 4688 [Note] Event Scheduler: Loaded 0 events
2014-12-16 12:36:32 4688 [Note] C:\Users\Teacher\Downloads\USBWebserver v8.6/mysql/bin/mysqld_usbwv8.exe: ready for connections.
Version: '5.6.13'  socket: ''  port: 3307  MySQL Community Server (GPL)
2014-12-16 12:36:50 6136 [Note] Plugin 'FEDERATED' is disabled.
2014-12-16 12:36:50 6136 [Note] InnoDB: The InnoDB memory heap is disabled
2014-12-16 12:36:50 6136 [Note] InnoDB: Mutexes and rw_locks use Windows interlocked functions
2014-12-16 12:36:50 6136 [Note] InnoDB: Compressed tables use zlib 1.2.3
2014-12-16 12:36:50 6136 [Note] InnoDB: Not using CPU crc32 instructions
2014-12-16 12:36:50 6136 [Note] InnoDB: Initializing buffer pool, size = 128.0M
2014-12-16 12:36:50 6136 [Note] InnoDB: Completed initialization of buffer pool
2014-12-16 12:36:50 6136 [ERROR] InnoDB: C:\Users\Teacher\Downloads\USBWebserver v8.6\mysql\data\ibdata1 can't be opened in read-write mode
2014-12-16 12:36:50 6136 [ERROR] InnoDB: The system tablespace must be writable!
2014-12-16 12:36:50 6136 [ERROR] Plugin 'InnoDB' init function returned error.
2014-12-16 12:36:50 6136 [ERROR] Plugin 'InnoDB' registration as a STORAGE ENGINE failed.
2014-12-16 12:36:50 6136 [ERROR] Unknown/unsupported storage engine: InnoDB
2014-12-16 12:36:50 6136 [ERROR] Aborting

2014-12-16 12:36:50 6136 [Note] Binlog end
2014-12-16 12:36:50 6136 [Note] Shutting down plugin 'partition'
2014-12-16 12:36:50 6136 [Note] Shutting down plugin 'PERFORMANCE_SCHEMA'
2014-12-16 12:36:50 6136 [Note] Shutting down plugin 'INNODB_SYS_DATAFILES'
2014-12-16 12:36:50 6136 [Note] Shutting down plugin 'INNODB_SYS_TABLESPACES'
2014-12-16 12:36:50 6136 [Note] Shutting down plugin 'INNODB_SYS_FOREIGN_COLS'
2014-12-16 12:36:50 6136 [Note] Shutting down plugin 'INNODB_SYS_FOREIGN'
2014-12-16 12:36:50 6136 [Note] Shutting down plugin 'INNODB_SYS_FIELDS'
2014-12-16 12:36:50 6136 [Note] Shutting down plugin 'INNODB_SYS_COLUMNS'
2014-12-16 12:36:50 6136 [Note] Shutting down plugin 'INNODB_SYS_INDEXES'
2014-12-16 12:36:50 6136 [Note] Shutting down plugin 'INNODB_SYS_TABLESTATS'
2014-12-16 12:36:50 6136 [Note] Shutting down plugin 'INNODB_SYS_TABLES'
2014-12-16 12:36:50 6136 [Note] Shutting down plugin 'INNODB_FT_INDEX_TABLE'
2014-12-16 12:36:50 6136 [Note] Shutting down plugin 'INNODB_FT_INDEX_CACHE'
2014-12-16 12:36:50 6136 [Note] Shutting down plugin 'INNODB_FT_CONFIG'
2014-12-16 12:36:50 6136 [Note] Shutting down plugin 'INNODB_FT_BEING_DELETED'
2014-12-16 12:36:50 6136 [Note] Shutting down plugin 'INNODB_FT_DELETED'
2014-12-16 12:36:50 6136 [Note] Shutting down plugin 'INNODB_FT_DEFAULT_STOPWORD'
2014-12-16 12:36:50 6136 [Note] Shutting down plugin 'INNODB_METRICS'
2014-12-16 12:36:50 6136 [Note] Shutting down plugin 'INNODB_BUFFER_POOL_STATS'
2014-12-16 12:36:50 6136 [Note] Shutting down plugin 'INNODB_BUFFER_PAGE_LRU'
2014-12-16 12:36:50 6136 [Note] Shutting down plugin 'INNODB_BUFFER_PAGE'
2014-12-16 12:36:50 6136 [Note] Shutting down plugin 'INNODB_CMP_PER_INDEX_RESET'
2014-12-16 12:36:50 6136 [Note] Shutting down plugin 'INNODB_CMP_PER_INDEX'
2014-12-16 12:36:50 6136 [Note] Shutting down plugin 'INNODB_CMPMEM_RESET'
2014-12-16 12:36:50 6136 [Note] Shutting down plugin 'INNODB_CMPMEM'
2014-12-16 12:36:50 6136 [Note] Shutting down plugin 'INNODB_CMP_RESET'
2014-12-16 12:36:50 6136 [Note] Shutting down plugin 'INNODB_CMP'
2014-12-16 12:36:50 6136 [Note] Shutting down plugin 'INNODB_LOCK_WAITS'
2014-12-16 12:36:50 6136 [Note] Shutting down plugin 'INNODB_LOCKS'
2014-12-16 12:36:50 6136 [Note] Shutting down plugin 'INNODB_TRX'
2014-12-16 12:36:50 6136 [Note] Shutting down plugin 'BLACKHOLE'
2014-12-16 12:36:50 6136 [Note] Shutting down plugin 'ARCHIVE'
2014-12-16 12:36:50 6136 [Note] Shutting down plugin 'MRG_MYISAM'
2014-12-16 12:36:50 6136 [Note] Shutting down plugin 'MyISAM'
2014-12-16 12:36:50 6136 [Note] Shutting down plugin 'MEMORY'
2014-12-16 12:36:50 6136 [Note] Shutting down plugin 'CSV'
2014-12-16 12:36:50 6136 [Note] Shutting down plugin 'sha256_password'
2014-12-16 12:36:50 6136 [Note] Shutting down plugin 'mysql_old_password'
2014-12-16 12:36:50 6136 [Note] Shutting down plugin 'mysql_native_password'
2014-12-16 12:36:50 6136 [Note] Shutting down plugin 'binlog'
2014-12-16 12:36:50 6136 [Note] C:\Users\Teacher\Downloads\USBWebserver v8.6/mysql/bin/mysqld_usbwv8.exe: Shutdown complete

